<?xml version="1.0" encoding="UTF-8"?>
<!-- Generated by org.testng.reporters.JUnitXMLReporter -->
<testsuite ignored="0" hostname="EPINBANW0730" failures="0" tests="5" name="Surefire test" time="0.051" errors="0" timestamp="2024-06-27T10:27:03 IST">
  <testcase classname="com.example.CalculatorTest" name="testAdd" time="0.002"/>
  <testcase classname="com.example.CalculatorTest" name="testDivide" time="0.0"/>
  <testcase classname="com.example.CalculatorTest" name="testDivideByZero" time="0.0"/>
  <testcase classname="com.example.CalculatorTest" name="testMultiply" time="0.0"/>
  <testcase classname="com.example.CalculatorTest" name="testSubtract" time="0.0"/>
</testsuite> <!-- Surefire test -->
