<?xml version="1.0" encoding="UTF-8"?>
<!-- Generated by org.testng.reporters.JUnitXMLReporter -->
<testsuite ignored="2" hostname="EPINBANW0730" failures="3" tests="3" name="Regression Tests" time="0.026" errors="0" timestamp="2024-06-27T10:29:12 IST">
  <testcase classname="com.example.CalculatorTest" name="testDivide" time="0.003">
    <failure type="java.lang.NullPointerException" message="Cannot invoke &amp;quot;com.example.Calculator.divide(int, int)&amp;quot; because &amp;quot;this.calculator&amp;quot; is null">
      <![CDATA[java.lang.NullPointerException: Cannot invoke "com.example.Calculator.divide(int, int)" because "this.calculator" is null
at com.example.CalculatorTest.testDivide(CalculatorTest.java:32)
at java.base/java.util.ArrayList.forEach(ArrayList.java:1596)
... Removed 25 stack frames]]>
    </failure>
  </testcase> <!-- testDivide -->
  <testcase classname="com.example.CalculatorTest" name="testDivideByZero" time="0.003">
    <failure type="org.testng.TestException" message="
The exception was thrown with the wrong message: expected &amp;quot;Division by zero is not allowed.&amp;quot; but got &amp;quot;Cannot invoke &amp;quot;com.example.Calculator.divide(int, int)&amp;quot; because &amp;quot;this.calculator&amp;quot; is null&amp;quot;">
      <![CDATA[org.testng.TestException: 
The exception was thrown with the wrong message: expected "Division by zero is not allowed." but got "Cannot invoke "com.example.Calculator.divide(int, int)" because "this.calculator" is null"
at java.base/java.util.ArrayList.forEach(ArrayList.java:1596)
Caused by: java.lang.NullPointerException: Cannot invoke "com.example.Calculator.divide(int, int)" because "this.calculator" is null
at com.example.CalculatorTest.testDivideByZero(CalculatorTest.java:37)
... 22 more
... Removed 28 stack frames]]>
    </failure>
  </testcase> <!-- testDivideByZero -->
  <testcase classname="com.example.CalculatorTest" name="testMultiply" time="0.002">
    <failure type="java.lang.NullPointerException" message="Cannot invoke &amp;quot;com.example.Calculator.multiply(int, int)&amp;quot; because &amp;quot;this.calculator&amp;quot; is null">
      <![CDATA[java.lang.NullPointerException: Cannot invoke "com.example.Calculator.multiply(int, int)" because "this.calculator" is null
at com.example.CalculatorTest.testMultiply(CalculatorTest.java:27)
at java.base/java.util.ArrayList.forEach(ArrayList.java:1596)
... Removed 25 stack frames]]>
    </failure>
  </testcase> <!-- testMultiply -->
  <testcase classname="com.example.CalculatorTest" name="testAdd" time="0.0">
    <ignored/>
  </testcase> <!-- testAdd -->
  <testcase classname="com.example.CalculatorTest" name="testSubtract" time="0.0">
    <ignored/>
  </testcase> <!-- testSubtract -->
</testsuite> <!-- Regression Tests -->
