<?xml version="1.0" encoding="UTF-8"?>
<!-- Generated by org.testng.reporters.JUnitXMLReporter -->
<testsuite ignored="3" hostname="EPINBANW0730" failures="2" tests="2" name="Smoke Tests" time="0.076" errors="0" timestamp="2024-06-27T10:29:12 IST">
  <testcase classname="com.example.CalculatorTest" name="testAdd" time="0.016">
    <failure type="java.lang.NullPointerException" message="Cannot invoke &amp;quot;com.example.Calculator.add(int, int)&amp;quot; because &amp;quot;this.calculator&amp;quot; is null">
      <![CDATA[java.lang.NullPointerException: Cannot invoke "com.example.Calculator.add(int, int)" because "this.calculator" is null
at com.example.CalculatorTest.testAdd(CalculatorTest.java:17)
at java.base/java.util.ArrayList.forEach(ArrayList.java:1596)
... Removed 25 stack frames]]>
    </failure>
  </testcase> <!-- testAdd -->
  <testcase classname="com.example.CalculatorTest" name="testSubtract" time="0.002">
    <failure type="java.lang.NullPointerException" message="Cannot invoke &amp;quot;com.example.Calculator.subtract(int, int)&amp;quot; because &amp;quot;this.calculator&amp;quot; is null">
      <![CDATA[java.lang.NullPointerException: Cannot invoke "com.example.Calculator.subtract(int, int)" because "this.calculator" is null
at com.example.CalculatorTest.testSubtract(CalculatorTest.java:22)
at java.base/java.util.ArrayList.forEach(ArrayList.java:1596)
... Removed 25 stack frames]]>
    </failure>
  </testcase> <!-- testSubtract -->
  <testcase classname="com.example.CalculatorTest" name="testMultiply" time="0.0">
    <ignored/>
  </testcase> <!-- testMultiply -->
  <testcase classname="com.example.CalculatorTest" name="testDivideByZero" time="0.0">
    <ignored/>
  </testcase> <!-- testDivideByZero -->
  <testcase classname="com.example.CalculatorTest" name="testDivide" time="0.0">
    <ignored/>
  </testcase> <!-- testDivide -->
</testsuite> <!-- Smoke Tests -->
