<?xml version="1.0" encoding="UTF-8"?>
<!-- Generated by org.testng.reporters.JUnitXMLReporter -->
<testsuite ignored="2" hostname="EPINBANW0730" failures="0" tests="3" name="Test" time="0.223" errors="0" timestamp="2024-06-27T10:32:30 IST">
  <testcase classname="com.example.CalculatorTest" name="testDivide" time="0.059"/>
  <testcase classname="com.example.CalculatorTest" name="testDivideByZero" time="0.004"/>
  <testcase classname="com.example.CalculatorTest" name="testMultiply" time="0.002"/>
  <testcase classname="com.example.CalculatorTest" name="testAdd" time="0.0">
    <ignored/>
  </testcase> <!-- testAdd -->
  <testcase classname="com.example.CalculatorTest" name="testSubtract" time="0.0">
    <ignored/>
  </testcase> <!-- testSubtract -->
</testsuite> <!-- Test -->
