<?xml version="1.0" encoding="UTF-8"?>
<testng-results ignored="0" total="5" passed="5" failed="0" skipped="0">
  <reporter-output>
  </reporter-output>
  <suite started-at="2024-06-27T10:27:03 IST" name="Surefire suite" finished-at="2024-06-27T10:27:03 IST" duration-ms="51">
    <groups>
      <group name="regression">
        <method signature="CalculatorTest.testDivide()[pri:0, instance:com.example.CalculatorTest@5427c60c]" name="testDivide" class="com.example.CalculatorTest"/>
        <method signature="CalculatorTest.testDivideByZero()[pri:0, instance:com.example.CalculatorTest@5427c60c]" name="testDivideByZero" class="com.example.CalculatorTest"/>
        <method signature="CalculatorTest.testMultiply()[pri:0, instance:com.example.CalculatorTest@5427c60c]" name="testMultiply" class="com.example.CalculatorTest"/>
      </group> <!-- regression -->
      <group name="smoke">
        <method signature="CalculatorTest.testAdd()[pri:0, instance:com.example.CalculatorTest@5427c60c]" name="testAdd" class="com.example.CalculatorTest"/>
        <method signature="CalculatorTest.testSubtract()[pri:0, instance:com.example.CalculatorTest@5427c60c]" name="testSubtract" class="com.example.CalculatorTest"/>
      </group> <!-- smoke -->
    </groups>
    <test started-at="2024-06-27T10:27:03 IST" name="Surefire test" finished-at="2024-06-27T10:27:03 IST" duration-ms="51">
      <class name="com.example.CalculatorTest">
        <test-method is-config="true" signature="setUp()[pri:0, instance:com.example.CalculatorTest@5427c60c]" started-at="2024-06-27T10:27:03 IST" name="setUp" finished-at="2024-06-27T10:27:03 IST" duration-ms="6" status="PASS">
          <reporter-output>
          </reporter-output>
        </test-method> <!-- setUp -->
        <test-method signature="testAdd()[pri:0, instance:com.example.CalculatorTest@5427c60c]" started-at="2024-06-27T10:27:03 IST" name="testAdd" finished-at="2024-06-27T10:27:03 IST" duration-ms="2" status="PASS">
          <reporter-output>
          </reporter-output>
        </test-method> <!-- testAdd -->
        <test-method is-config="true" signature="setUp()[pri:0, instance:com.example.CalculatorTest@5427c60c]" started-at="2024-06-27T10:27:03 IST" name="setUp" finished-at="2024-06-27T10:27:03 IST" duration-ms="1" status="PASS">
          <reporter-output>
          </reporter-output>
        </test-method> <!-- setUp -->
        <test-method signature="testDivide()[pri:0, instance:com.example.CalculatorTest@5427c60c]" started-at="2024-06-27T10:27:03 IST" name="testDivide" finished-at="2024-06-27T10:27:03 IST" duration-ms="0" status="PASS">
          <reporter-output>
          </reporter-output>
        </test-method> <!-- testDivide -->
        <test-method is-config="true" signature="setUp()[pri:0, instance:com.example.CalculatorTest@5427c60c]" started-at="2024-06-27T10:27:03 IST" name="setUp" finished-at="2024-06-27T10:27:03 IST" duration-ms="0" status="PASS">
          <reporter-output>
          </reporter-output>
        </test-method> <!-- setUp -->
        <test-method signature="testDivideByZero()[pri:0, instance:com.example.CalculatorTest@5427c60c]" started-at="2024-06-27T10:27:03 IST" name="testDivideByZero" finished-at="2024-06-27T10:27:03 IST" duration-ms="0" status="PASS">
          <exception class="java.lang.IllegalArgumentException">
            <message>
              <![CDATA[Division by zero is not allowed.]]>
            </message>
            <full-stacktrace>
              <![CDATA[java.lang.IllegalArgumentException: Division by zero is not allowed.
at com.example.Calculator.divide(Calculator.java:18)
at com.example.CalculatorTest.testDivideByZero(CalculatorTest.java:37)
at java.base/jdk.internal.reflect.DirectMethodHandleAccessor.invoke(DirectMethodHandleAccessor.java:103)
at java.base/java.lang.reflect.Method.invoke(Method.java:580)
at org.testng.internal.MethodInvocationHelper.invokeMethod(MethodInvocationHelper.java:133)
at org.testng.internal.TestInvoker.invokeMethod(TestInvoker.java:598)
at org.testng.internal.TestInvoker.invokeTestMethod(TestInvoker.java:173)
at org.testng.internal.MethodRunner.runInSequence(MethodRunner.java:46)
at org.testng.internal.TestInvoker$MethodInvocationAgent.invoke(TestInvoker.java:824)
at org.testng.internal.TestInvoker.invokeTestMethods(TestInvoker.java:146)
at org.testng.internal.TestMethodWorker.invokeTestMethods(TestMethodWorker.java:146)
at org.testng.internal.TestMethodWorker.run(TestMethodWorker.java:128)
at java.base/java.util.ArrayList.forEach(ArrayList.java:1596)
at org.testng.TestRunner.privateRun(TestRunner.java:794)
at org.testng.TestRunner.run(TestRunner.java:596)
at org.testng.SuiteRunner.runTest(SuiteRunner.java:377)
at org.testng.SuiteRunner.runSequentially(SuiteRunner.java:371)
at org.testng.SuiteRunner.privateRun(SuiteRunner.java:332)
at org.testng.SuiteRunner.run(SuiteRunner.java:276)
at org.testng.SuiteRunnerWorker.runSuite(SuiteRunnerWorker.java:53)
at org.testng.SuiteRunnerWorker.run(SuiteRunnerWorker.java:96)
at org.testng.TestNG.runSuitesSequentially(TestNG.java:1212)
at org.testng.TestNG.runSuitesLocally(TestNG.java:1134)
at org.testng.TestNG.runSuites(TestNG.java:1063)
at org.testng.TestNG.run(TestNG.java:1031)
at org.apache.maven.surefire.testng.TestNGExecutor.run(TestNGExecutor.java:135)
at org.apache.maven.surefire.testng.TestNGDirectoryTestSuite.executeSingleClass(TestNGDirectoryTestSuite.java:112)
at org.apache.maven.surefire.testng.TestNGDirectoryTestSuite.execute(TestNGDirectoryTestSuite.java:99)
at org.apache.maven.surefire.testng.TestNGProvider.invoke(TestNGProvider.java:146)
at org.apache.maven.surefire.booter.ForkedBooter.invokeProviderInSameClassLoader(ForkedBooter.java:384)
at org.apache.maven.surefire.booter.ForkedBooter.runSuitesInProcess(ForkedBooter.java:345)
at org.apache.maven.surefire.booter.ForkedBooter.execute(ForkedBooter.java:126)
at org.apache.maven.surefire.booter.ForkedBooter.main(ForkedBooter.java:418)
]]>
            </full-stacktrace>
          </exception> <!-- java.lang.IllegalArgumentException -->
          <reporter-output>
          </reporter-output>
        </test-method> <!-- testDivideByZero -->
        <test-method is-config="true" signature="setUp()[pri:0, instance:com.example.CalculatorTest@5427c60c]" started-at="2024-06-27T10:27:03 IST" name="setUp" finished-at="2024-06-27T10:27:03 IST" duration-ms="1" status="PASS">
          <reporter-output>
          </reporter-output>
        </test-method> <!-- setUp -->
        <test-method signature="testMultiply()[pri:0, instance:com.example.CalculatorTest@5427c60c]" started-at="2024-06-27T10:27:03 IST" name="testMultiply" finished-at="2024-06-27T10:27:03 IST" duration-ms="0" status="PASS">
          <reporter-output>
          </reporter-output>
        </test-method> <!-- testMultiply -->
        <test-method is-config="true" signature="setUp()[pri:0, instance:com.example.CalculatorTest@5427c60c]" started-at="2024-06-27T10:27:03 IST" name="setUp" finished-at="2024-06-27T10:27:03 IST" duration-ms="1" status="PASS">
          <reporter-output>
          </reporter-output>
        </test-method> <!-- setUp -->
        <test-method signature="testSubtract()[pri:0, instance:com.example.CalculatorTest@5427c60c]" started-at="2024-06-27T10:27:03 IST" name="testSubtract" finished-at="2024-06-27T10:27:03 IST" duration-ms="0" status="PASS">
          <reporter-output>
          </reporter-output>
        </test-method> <!-- testSubtract -->
      </class> <!-- com.example.CalculatorTest -->
    </test> <!-- Surefire test -->
  </suite> <!-- Surefire suite -->
</testng-results>
