<?xml version="1.0" encoding="UTF-8"?>
<testng-results ignored="2" total="5" passed="3" failed="0" skipped="0">
  <reporter-output>
  </reporter-output>
  <suite started-at="2024-06-27T10:32:30 IST" name="Suite" finished-at="2024-06-27T10:32:30 IST" duration-ms="223">
    <groups>
      <group name="regression">
        <method signature="CalculatorTest.testDivide()[pri:0, instance:com.example.CalculatorTest@1d119efb]" name="testDivide" class="com.example.CalculatorTest"/>
        <method signature="CalculatorTest.testDivideByZero()[pri:0, instance:com.example.CalculatorTest@1d119efb]" name="testDivideByZero" class="com.example.CalculatorTest"/>
        <method signature="CalculatorTest.testMultiply()[pri:0, instance:com.example.CalculatorTest@1d119efb]" name="testMultiply" class="com.example.CalculatorTest"/>
      </group> <!-- regression -->
    </groups>
    <test started-at="2024-06-27T10:32:30 IST" name="Test" finished-at="2024-06-27T10:32:30 IST" duration-ms="223">
      <class name="com.example.CalculatorTest">
        <test-method signature="testDivide()[pri:0, instance:com.example.CalculatorTest@1d119efb]" started-at="2024-06-27T10:32:30 IST" name="testDivide" finished-at="2024-06-27T10:32:30 IST" duration-ms="59" status="PASS">
          <reporter-output>
          </reporter-output>
        </test-method> <!-- testDivide -->
        <test-method signature="testDivideByZero()[pri:0, instance:com.example.CalculatorTest@1d119efb]" started-at="2024-06-27T10:32:30 IST" name="testDivideByZero" finished-at="2024-06-27T10:32:30 IST" duration-ms="4" status="PASS">
          <exception class="java.lang.IllegalArgumentException">
            <message>
              <![CDATA[Division by zero is not allowed.]]>
            </message>
            <full-stacktrace>
              <![CDATA[java.lang.IllegalArgumentException: Division by zero is not allowed.
at com.example.Calculator.divide(Calculator.java:18)
at com.example.CalculatorTest.testDivideByZero(CalculatorTest.java:33)
at java.base/jdk.internal.reflect.DirectMethodHandleAccessor.invoke(DirectMethodHandleAccessor.java:103)
at java.base/java.lang.reflect.Method.invoke(Method.java:580)
at org.testng.internal.MethodInvocationHelper.invokeMethod(MethodInvocationHelper.java:133)
at org.testng.internal.TestInvoker.invokeMethod(TestInvoker.java:598)
at org.testng.internal.TestInvoker.invokeTestMethod(TestInvoker.java:173)
at org.testng.internal.MethodRunner.runInSequence(MethodRunner.java:46)
at org.testng.internal.TestInvoker$MethodInvocationAgent.invoke(TestInvoker.java:824)
at org.testng.internal.TestInvoker.invokeTestMethods(TestInvoker.java:146)
at org.testng.internal.TestMethodWorker.invokeTestMethods(TestMethodWorker.java:146)
at org.testng.internal.TestMethodWorker.run(TestMethodWorker.java:128)
at java.base/java.util.ArrayList.forEach(ArrayList.java:1596)
at org.testng.TestRunner.privateRun(TestRunner.java:794)
at org.testng.TestRunner.run(TestRunner.java:596)
at org.testng.SuiteRunner.runTest(SuiteRunner.java:377)
at org.testng.SuiteRunner.runSequentially(SuiteRunner.java:371)
at org.testng.SuiteRunner.privateRun(SuiteRunner.java:332)
at org.testng.SuiteRunner.run(SuiteRunner.java:276)
at org.testng.SuiteRunnerWorker.runSuite(SuiteRunnerWorker.java:53)
at org.testng.SuiteRunnerWorker.run(SuiteRunnerWorker.java:96)
at org.testng.TestNG.runSuitesSequentially(TestNG.java:1212)
at org.testng.TestNG.runSuitesLocally(TestNG.java:1134)
at org.testng.TestNG.runSuites(TestNG.java:1063)
at org.testng.TestNG.run(TestNG.java:1031)
at org.testng.remote.AbstractRemoteTestNG.run(AbstractRemoteTestNG.java:115)
at org.testng.remote.RemoteTestNG.initAndRun(RemoteTestNG.java:293)
at org.testng.remote.RemoteTestNG.main(RemoteTestNG.java:91)
]]>
            </full-stacktrace>
          </exception> <!-- java.lang.IllegalArgumentException -->
          <reporter-output>
          </reporter-output>
        </test-method> <!-- testDivideByZero -->
        <test-method signature="testMultiply()[pri:0, instance:com.example.CalculatorTest@1d119efb]" started-at="2024-06-27T10:32:30 IST" name="testMultiply" finished-at="2024-06-27T10:32:30 IST" duration-ms="2" status="PASS">
          <reporter-output>
          </reporter-output>
        </test-method> <!-- testMultiply -->
      </class> <!-- com.example.CalculatorTest -->
    </test> <!-- Test -->
  </suite> <!-- Suite -->
</testng-results>
